<?xml version="1.0" encoding="UTF-8"?>
<robot generator="Robot 4.1.3 (Python 3.10.1 on win32)" generated="20220120 12:16:47.200" rpa="false" schemaversion="2">
<suite id="s1" name="TestCasesAPIBooks" source="C:\Robot\TestCasesAPIBooks.robot">
<kw name="Conectar a minha API" library="ResourceAPI" type="SETUP">
<kw name="Create Session" library="RequestsLibrary">
<arg>fakeAPI</arg>
<arg>${URL_API}</arg>
<doc>Create Session: create a HTTP session to a server</doc>
<msg timestamp="20220120 12:16:47.372" level="INFO">Creating Session using : alias=fakeAPI, url=https://fakerestapi.azurewebsites.net/api, headers={},                     cookies={}, auth=None, timeout=None, proxies=None, verify=False,                     debug=0 </msg>
<status status="PASS" starttime="20220120 12:16:47.371" endtime="20220120 12:16:47.372"/>
</kw>
<status status="PASS" starttime="20220120 12:16:47.371" endtime="20220120 12:16:47.372"/>
</kw>
<test id="s1-t1" name="Buscar a Listagem de todos os livros (GET em todos os livros)">
<kw name="Requisitar todos os livros" library="ResourceAPI">
<kw name="Get Request" library="RequestsLibrary">
<var>${RESPOSTA}</var>
<arg>fakeAPI</arg>
<arg>Activities</arg>
<doc>Send a GET request on the session object found using the
given `alias`</doc>
<msg timestamp="20220120 12:16:48.585" level="INFO">GET Request : url=https://fakerestapi.azurewebsites.net/api/Activities 
 path_url=/api/Activities 
 headers={'User-Agent': 'python-requests/2.27.1', 'Accept-Encoding': 'gzip, deflate', 'Accept': '*/*', 'Connection': 'keep-alive'} 
 body=None 
 </msg>
<msg timestamp="20220120 12:16:48.585" level="INFO">GET Response : url=https://fakerestapi.azurewebsites.net/api/Activities 
 status=404, reason=Not Found 
 body=None 
 </msg>
<msg timestamp="20220120 12:16:48.586" level="INFO">C:\Users\Desenvolvimento\AppData\Local\Programs\Python\Python310\lib\site-packages\urllib3\connectionpool.py:1043: InsecureRequestWarning: Unverified HTTPS request is being made to host 'fakerestapi.azurewebsites.net'. Adding certificate verification is strongly advised. See: https://urllib3.readthedocs.io/en/1.26.x/advanced-usage.html#ssl-warnings
  warnings.warn(</msg>
<msg timestamp="20220120 12:16:48.590" level="INFO">${RESPOSTA} = &lt;Response [404]&gt;</msg>
<status status="PASS" starttime="20220120 12:16:47.374" endtime="20220120 12:16:48.590"/>
</kw>
<kw name="Log" library="BuiltIn">
<arg>${RESPOSTA.text}</arg>
<doc>Logs the given message with the given level.</doc>
<msg timestamp="20220120 12:16:48.597" level="INFO"/>
<status status="PASS" starttime="20220120 12:16:48.591" endtime="20220120 12:16:48.597"/>
</kw>
<kw name="Set Test Variable" library="BuiltIn">
<arg>${RESPOSTA}</arg>
<doc>Makes a variable available everywhere within the scope of the current test.</doc>
<msg timestamp="20220120 12:16:48.600" level="INFO">${RESPOSTA} = &lt;Response [404]&gt;</msg>
<status status="PASS" starttime="20220120 12:16:48.598" endtime="20220120 12:16:48.600"/>
</kw>
<status status="PASS" starttime="20220120 12:16:47.373" endtime="20220120 12:16:48.602"/>
</kw>
<kw name="Conferir o status code" library="ResourceAPI">
<arg>200</arg>
<kw name="Should Be Equal As Strings" library="BuiltIn">
<arg>${RESPOTA.status_code}</arg>
<arg>${STATUSCODE_DESEJADO}</arg>
<doc>Fails if objects are unequal after converting them to strings.</doc>
<msg timestamp="20220120 12:16:48.615" level="FAIL">Resolving variable '${RESPOTA.status_code}' failed: Variable '${RESPOTA}' not found. Did you mean:
    ${RESPOSTA}</msg>
<status status="FAIL" starttime="20220120 12:16:48.607" endtime="20220120 12:16:48.615"/>
</kw>
<status status="FAIL" starttime="20220120 12:16:48.604" endtime="20220120 12:16:48.616"/>
</kw>
<kw name="Conferir o reason" library="ResourceAPI">
<arg>OK</arg>
<status status="NOT RUN" starttime="20220120 12:16:48.618" endtime="20220120 12:16:48.618"/>
</kw>
<kw name="Conferir se retorna uma lista de 200 livros" library="ResourceAPI" sourcename="Conferir se retorna uma lista de ${QTDE_LIVROS} livros">
<status status="NOT RUN" starttime="20220120 12:16:48.619" endtime="20220120 12:16:48.619"/>
</kw>
<status status="FAIL" starttime="20220120 12:16:47.373" endtime="20220120 12:16:48.621">Resolving variable '${RESPOTA.status_code}' failed: Variable '${RESPOTA}' not found. Did you mean:
    ${RESPOSTA}</status>
</test>
<doc>Documentação da API: https://fakerestapi.azurewebsites.net/api/v1/Activities</doc>
<status status="FAIL" starttime="20220120 12:16:47.203" endtime="20220120 12:16:48.628"/>
</suite>
<statistics>
<total>
<stat pass="0" fail="1" skip="0">All Tests</stat>
</total>
<tag>
</tag>
<suite>
<stat pass="0" fail="1" skip="0" id="s1" name="TestCasesAPIBooks">TestCasesAPIBooks</stat>
</suite>
</statistics>
<errors>
</errors>
</robot>
